2022-09-25 20:27:15,199 WARN [Thread-3] r.g.n.c.ChatClient [ChatClient.java:86] - Пользователь не вошел в чат. Время для входа закончилось.
2022-09-25 20:47:57,028 WARN [Thread-3] r.g.n.c.ChatClient [ChatClient.java:151] - Обновилась панель с пользователями.
2022-09-25 20:48:26,687 WARN [Thread-3] r.g.n.c.ChatClient [ChatClient.java:151] - Обновилась панель с пользователями.
2022-09-25 20:48:35,827 WARN [Thread-3] r.g.n.c.ChatClient [ChatClient.java:134] - Пользователь: Pavel покинул чат.
2022-09-25 20:48:35,828 WARN [Thread-3] r.g.n.c.ChatClient [ChatClient.java:103] - Соединение с сервером закрыто.
2022-09-25 20:50:30,464 WARN [Thread-3] r.g.n.c.ChatClient [ChatClient.java:151] - Обновилась панель с пользователями.
2022-09-25 20:50:43,667 WARN [Thread-3] r.g.n.c.ChatClient [ChatClient.java:134] - Пользователь: Ivan покинул чат.
2022-09-25 20:50:43,668 WARN [Thread-3] r.g.n.c.ChatClient [ChatClient.java:103] - Соединение с сервером закрыто.
2022-09-25 20:51:09,946 WARN [Thread-3] r.g.n.c.ChatClient [ChatClient.java:151] - Обновилась панель с пользователями.
2022-09-25 20:51:25,831 WARN [Thread-3] r.g.n.c.ChatClient [ChatClient.java:134] - Пользователь: Ivan покинул чат.
2022-09-25 20:51:25,832 WARN [Thread-3] r.g.n.c.ChatClient [ChatClient.java:103] - Соединение с сервером закрыто.
2022-09-25 20:52:33,063 WARN [Thread-3] r.g.n.c.ChatClient [ChatClient.java:151] - Обновилась панель с пользователями.
2022-09-25 20:52:48,203 WARN [Thread-3] r.g.n.c.ChatClient [ChatClient.java:151] - Обновилась панель с пользователями.
2022-09-25 20:52:54,709 WARN [Thread-3] r.g.n.c.ChatClient [ChatClient.java:134] - Пользователь: Ivan покинул чат.
2022-09-25 20:52:54,710 WARN [Thread-3] r.g.n.c.ChatClient [ChatClient.java:103] - Соединение с сервером закрыто.
2022-09-25 21:05:01,441 WARN [Thread-3] r.g.n.c.ChatClient [ChatClient.java:151] - Обновилась панель с пользователями.
2022-09-25 21:05:20,637 WARN [Thread-3] r.g.n.c.ChatClient [ChatClient.java:134] - Пользователь: Pavel покинул чат.
2022-09-25 21:05:20,637 WARN [Thread-3] r.g.n.c.ChatClient [ChatClient.java:103] - Соединение с сервером закрыто.
2022-09-25 21:10:24,242 WARN [Thread-3] r.g.n.c.ChatClient [ChatClient.java:151] - Обновилась панель с пользователями.
2022-09-25 21:11:00,135 WARN [Thread-3] r.g.n.c.ChatClient [ChatClient.java:134] - Пользователь: Pavel покинул чат.
2022-09-25 21:11:00,135 WARN [Thread-3] r.g.n.c.ChatClient [ChatClient.java:103] - Соединение с сервером закрыто.
